<?xml version="1.0" encoding="UTF-8"?>
<testng-results skipped="0" failed="0" total="1" passed="1">
  <reporter-output>
  </reporter-output>
  <suite name="Suite" duration-ms="32" started-at="2019-01-15T08:11:10Z" finished-at="2019-01-15T08:11:10Z">
    <groups>
    </groups>
    <test name="Test" duration-ms="32" started-at="2019-01-15T08:11:10Z" finished-at="2019-01-15T08:11:10Z">
      <class name="demoJenkin.DemoJenkinJob">
        <test-method status="PASS" signature="test11()[pri:0, instance:demoJenkin.DemoJenkinJob@40cabfd6]" name="test11" duration-ms="11" started-at="2019-01-15T13:41:10Z" finished-at="2019-01-15T13:41:10Z">
          <reporter-output>
          </reporter-output>
        </test-method> <!-- test11 -->
      </class> <!-- demoJenkin.DemoJenkinJob -->
    </test> <!-- Test -->
  </suite> <!-- Suite -->
</testng-results>
