<?xml version="1.0" encoding="UTF-8"?>
<testng-results skipped="0" failed="0" ignored="0" total="1" passed="1">
  <reporter-output>
  </reporter-output>
  <suite name="Suite" duration-ms="139" started-at="2019-01-15T07:03:50Z" finished-at="2019-01-15T07:03:50Z">
    <groups>
    </groups>
    <test name="Test" duration-ms="139" started-at="2019-01-15T07:03:50Z" finished-at="2019-01-15T07:03:50Z">
      <class name="demoJenkin.DemoJenkinJob">
        <test-method status="PASS" signature="test11()[pri:0, instance:demoJenkin.DemoJenkinJob@fc185]" name="test11" duration-ms="39" started-at="2019-01-15T07:03:50Z" finished-at="2019-01-15T07:03:50Z">
          <reporter-output>
          </reporter-output>
        </test-method> <!-- test11 -->
      </class> <!-- demoJenkin.DemoJenkinJob -->
    </test> <!-- Test -->
  </suite> <!-- Suite -->
</testng-results>
